<?xml version="1.0" encoding="UTF-8"?>
<testng-results skipped="0" failed="0" total="1" passed="1">
  <reporter-output>
  </reporter-output>
  <suite name="Default suite" duration-ms="53004" started-at="2015-06-05T11:02:22Z" finished-at="2015-06-05T11:03:15Z">
    <groups>
    </groups>
    <test name="Default test" duration-ms="53004" started-at="2015-06-05T11:02:22Z" finished-at="2015-06-05T11:03:15Z">
      <class name="com.epam.preproduction.tests.IUAMailBoxTest">
        <test-method status="PASS" signature="beforeSuite()[pri:0, instance:com.epam.preproduction.tests.IUAMailBoxTest@6735a4c2]" name="beforeSuite" is-config="true" duration-ms="15661" started-at="2015-06-05T14:02:06Z" finished-at="2015-06-05T14:02:22Z">
          <reporter-output>
          </reporter-output>
        </test-method> <!-- beforeSuite -->
        <test-method status="PASS" signature="beforeClass()[pri:0, instance:com.epam.preproduction.tests.IUAMailBoxTest@6735a4c2]" name="beforeClass" is-config="true" duration-ms="66" started-at="2015-06-05T14:02:22Z" finished-at="2015-06-05T14:02:22Z">
          <reporter-output>
          </reporter-output>
        </test-method> <!-- beforeClass -->
        <test-method status="PASS" signature="IUA()[pri:0, instance:com.epam.preproduction.tests.IUAMailBoxTest@6735a4c2]" name="IUA" duration-ms="52899" started-at="2015-06-05T14:02:22Z" finished-at="2015-06-05T14:03:15Z">
          <reporter-output>
          </reporter-output>
        </test-method> <!-- IUA -->
        <test-method status="PASS" signature="afterClass()[pri:0, instance:com.epam.preproduction.tests.IUAMailBoxTest@6735a4c2]" name="afterClass" is-config="true" duration-ms="1" started-at="2015-06-05T14:03:15Z" finished-at="2015-06-05T14:03:15Z">
          <reporter-output>
          </reporter-output>
        </test-method> <!-- afterClass -->
      </class> <!-- com.epam.preproduction.tests.IUAMailBoxTest -->
    </test> <!-- Default test -->
  </suite> <!-- Default suite -->
</testng-results>
